<?xml version="1.0" encoding="UTF-8"?>
<Site BuildName="(empty)"
	BuildStamp="20230714-1348-Experimental"
	Name="Property-of-Paulo"
	Generator="ctest-3.16.3"
	CompilerName="/usr/lib/ccache/c++"
	CompilerVersion="9.4.0"
	OSName="Linux"
	Hostname="Property-of-Paulo"
	OSRelease="5.15.0-76-generic"
	OSVersion="#83~20.04.1-Ubuntu SMP Wed Jun 21 20:23:31 UTC 2023"
	OSPlatform="x86_64"
	Is64Bits="1"
	VendorString="GenuineIntel"
	VendorID="Intel Corporation"
	FamilyID="6"
	ModelID="140"
	ProcessorCacheSize="8192"
	NumberOfLogicalCPU="8"
	NumberOfPhysicalCPU="4"
	TotalVirtualMemory="7628"
	TotalPhysicalMemory="7665"
	LogicalProcessorsPerPhysical="2"
	ProcessorClockFrequency="2166.25"
	>
	<Testing>
		<StartDateTime>Jul 15 00:04 AEST</StartDateTime>
		<StartTestTime>1689343460</StartTestTime>
		<TestList/>
		<EndDateTime>Jul 15 00:04 AEST</EndDateTime>
		<EndTestTime>1689343460</EndTestTime>
		<ElapsedMinutes>0</ElapsedMinutes>
	</Testing>
</Site>
